<?xml version="1.0" encoding="UTF-8"?>
<!-- Generated by org.testng.reporters.JUnitXMLReporter -->
<testsuite ignored="0" hostname="MCM-T440s" failures="0" tests="4" name="Default test" time="171.287" errors="0" timestamp="2021-08-20T09:18:23 IST">
  <testcase classname="com.lennox.tests.ExcelDataProvider" name="searchProduct" time="48.438"/>
  <testcase classname="com.lennox.tests.ExcelDataProvider" name="searchProduct" time="34.99"/>
  <testcase classname="com.lennox.tests.ExcelDataProvider" name="searchProduct" time="73.312"/>
  <testcase classname="com.lennox.tests.ExcelDataProvider" name="searchProduct" time="0.004"/>
</testsuite> <!-- Default test -->
