<?xml version="1.0" encoding="UTF-8"?>
<!-- Generated by org.testng.reporters.JUnitXMLReporter -->
<testsuite ignored="0" hostname="MCM-T440s" failures="0" tests="4" name="Test" time="185.66" errors="0" timestamp="2021-08-20T09:29:45 IST">
  <testcase classname="com.lennox.tests.SearchProductTest" name="searchProduct" time="57.493"/>
  <testcase classname="com.lennox.tests.SearchProductTest" name="searchProduct" time="42.503"/>
  <testcase classname="com.lennox.tests.SearchProductTest" name="searchProduct" time="67.68"/>
  <testcase classname="com.lennox.tests.SearchProductTest" name="searchProduct" time="0.003"/>
</testsuite> <!-- Test -->
