<?xml version="1.0" encoding="UTF-8"?>
<testng-results ignored="0" total="4" passed="4" failed="0" skipped="0">
  <reporter-output>
  </reporter-output>
  <suite started-at="2021-08-20T09:26:40 IST" name="Suite" finished-at="2021-08-20T09:29:45 IST" duration-ms="185660">
    <groups>
    </groups>
    <test started-at="2021-08-20T09:26:40 IST" name="Test" finished-at="2021-08-20T09:29:45 IST" duration-ms="185660">
      <class name="com.lennox.tests.SearchProductTest">
        <test-method is-config="true" signature="initialize()[pri:0, instance:com.lennox.tests.SearchProductTest@77fbd92c]" started-at="2021-08-20T09:26:39 IST" name="initialize" finished-at="2021-08-20T09:26:40 IST" duration-ms="315" status="PASS">
          <reporter-output>
          </reporter-output>
        </test-method> <!-- initialize -->
        <test-method is-config="true" signature="setUp()[pri:0, instance:com.lennox.tests.SearchProductTest@77fbd92c]" started-at="2021-08-20T09:26:41 IST" name="setUp" finished-at="2021-08-20T09:26:48 IST" duration-ms="7521" status="PASS">
          <reporter-output>
          </reporter-output>
        </test-method> <!-- setUp -->
        <test-method signature="searchProduct(java.lang.String,java.lang.String,java.lang.String,java.lang.String,java.lang.String,java.lang.String,java.lang.String,java.lang.String,java.lang.String,java.lang.String,java.lang.String,java.lang.String)[pri:0, instance:com.lennox.tests.SearchProductTest@77fbd92c]" started-at="2021-08-20T09:26:48 IST" name="searchProduct" data-provider="excel-data" finished-at="2021-08-20T09:27:46 IST" duration-ms="57493" status="PASS">
          <params>
            <param index="0">
              <value>
                <![CDATA[Y]]>
              </value>
            </param>
            <param index="1">
              <value>
                <![CDATA[TC_1]]>
              </value>
            </param>
            <param index="2">
              <value>
                <![CDATA[Product Comparision from Listing Page]]>
              </value>
            </param>
            <param index="3">
              <value>
                <![CDATA[This will compare the product details from the listing page and details page]]>
              </value>
            </param>
            <param index="4">
              <value>
                <![CDATA[lenproautomation8@lenqat.com]]>
              </value>
            </param>
            <param index="5">
              <value>
                <![CDATA[Community17]]>
              </value>
            </param>
            <param index="6">
              <value>
                <![CDATA[Parts and Supplies]]>
              </value>
            </param>
            <param index="7">
              <value>
                <![CDATA[Compressors:::Compressors]]>
              </value>
            </param>
            <param index="8">
              <value>
                <![CDATA[Replace your compressor at LennoxPros.com.]]>
              </value>
            </param>
            <param index="9">
              <value>
                <![CDATA[10T46]]>
              </value>
            </param>
            <param index="10">
              <value>
                <![CDATA[$1,173.00]]>
              </value>
            </param>
            <param index="11">
              <value>
                <![CDATA[H22J38BABC]]>
              </value>
            </param>
          </params>
          <reporter-output>
          </reporter-output>
        </test-method> <!-- searchProduct -->
        <test-method is-config="true" signature="burnDown()[pri:0, instance:com.lennox.tests.SearchProductTest@77fbd92c]" started-at="2021-08-20T09:27:46 IST" name="burnDown" finished-at="2021-08-20T09:27:46 IST" duration-ms="422" status="PASS">
          <reporter-output>
          </reporter-output>
        </test-method> <!-- burnDown -->
        <test-method is-config="true" signature="setUp()[pri:0, instance:com.lennox.tests.SearchProductTest@77fbd92c]" started-at="2021-08-20T09:27:46 IST" name="setUp" finished-at="2021-08-20T09:27:49 IST" duration-ms="2478" status="PASS">
          <reporter-output>
          </reporter-output>
        </test-method> <!-- setUp -->
        <test-method signature="searchProduct(java.lang.String,java.lang.String,java.lang.String,java.lang.String,java.lang.String,java.lang.String,java.lang.String,java.lang.String,java.lang.String,java.lang.String,java.lang.String,java.lang.String)[pri:0, instance:com.lennox.tests.SearchProductTest@77fbd92c]" started-at="2021-08-20T09:27:49 IST" name="searchProduct" data-provider="excel-data" finished-at="2021-08-20T09:28:31 IST" duration-ms="42503" status="PASS">
          <params>
            <param index="0">
              <value>
                <![CDATA[Y]]>
              </value>
            </param>
            <param index="1">
              <value>
                <![CDATA[TC_2]]>
              </value>
            </param>
            <param index="2">
              <value>
                <![CDATA[Product Comparision from Listing Page with  disabled Cart]]>
              </value>
            </param>
            <param index="3">
              <value>
                <![CDATA[This will compare the product details, from the listing page, where cart is disabled]]>
              </value>
            </param>
            <param index="4">
              <value>
                <![CDATA[lenproautomation8@lenqat.com]]>
              </value>
            </param>
            <param index="5">
              <value>
                <![CDATA[Community17]]>
              </value>
            </param>
            <param index="6">
              <value>
                <![CDATA[Parts and Supplies]]>
              </value>
            </param>
            <param index="7">
              <value>
                <![CDATA[Compressors:::Compressors]]>
              </value>
            </param>
            <param index="8">
              <value>
                <![CDATA[Replace your compressor at LennoxPros.com.]]>
              </value>
            </param>
            <param index="9">
              <value>
                <![CDATA[86H99]]>
              </value>
            </param>
            <param index="10">
              <value>
                <![CDATA[$1,023.00]]>
              </value>
            </param>
            <param index="11">
              <value>
                <![CDATA[H29A563DBF]]>
              </value>
            </param>
          </params>
          <reporter-output>
          </reporter-output>
        </test-method> <!-- searchProduct -->
        <test-method is-config="true" signature="burnDown()[pri:0, instance:com.lennox.tests.SearchProductTest@77fbd92c]" started-at="2021-08-20T09:28:31 IST" name="burnDown" finished-at="2021-08-20T09:28:32 IST" duration-ms="413" status="PASS">
          <reporter-output>
          </reporter-output>
        </test-method> <!-- burnDown -->
        <test-method is-config="true" signature="setUp()[pri:0, instance:com.lennox.tests.SearchProductTest@77fbd92c]" started-at="2021-08-20T09:28:32 IST" name="setUp" finished-at="2021-08-20T09:28:34 IST" duration-ms="2288" status="PASS">
          <reporter-output>
          </reporter-output>
        </test-method> <!-- setUp -->
        <test-method signature="searchProduct(java.lang.String,java.lang.String,java.lang.String,java.lang.String,java.lang.String,java.lang.String,java.lang.String,java.lang.String,java.lang.String,java.lang.String,java.lang.String,java.lang.String)[pri:0, instance:com.lennox.tests.SearchProductTest@77fbd92c]" started-at="2021-08-20T09:28:34 IST" name="searchProduct" data-provider="excel-data" finished-at="2021-08-20T09:29:42 IST" duration-ms="67680" status="PASS">
          <params>
            <param index="0">
              <value>
                <![CDATA[Y]]>
              </value>
            </param>
            <param index="1">
              <value>
                <![CDATA[TC_3]]>
              </value>
            </param>
            <param index="2">
              <value>
                <![CDATA[No Such Catalog in the site]]>
              </value>
            </param>
            <param index="3">
              <value>
                <![CDATA[Verify when no such product exists]]>
              </value>
            </param>
            <param index="4">
              <value>
                <![CDATA[lenproautomation8@lenqat.com]]>
              </value>
            </param>
            <param index="5">
              <value>
                <![CDATA[Community17]]>
              </value>
            </param>
            <param index="6">
              <value>
                <![CDATA[Parts and Supplies]]>
              </value>
            </param>
            <param index="7">
              <value>
                <![CDATA[Compressors:::Compressors]]>
              </value>
            </param>
            <param index="8">
              <value>
                <![CDATA[Replace your compressor at LennoxPros.com.]]>
              </value>
            </param>
            <param index="9">
              <value>
                <![CDATA[Invalid]]>
              </value>
            </param>
            <param index="10">
              <value>
                <![CDATA[$1,173.00]]>
              </value>
            </param>
            <param index="11">
              <value>
                <![CDATA[H22J38BABC]]>
              </value>
            </param>
          </params>
          <reporter-output>
          </reporter-output>
        </test-method> <!-- searchProduct -->
        <test-method is-config="true" signature="burnDown()[pri:0, instance:com.lennox.tests.SearchProductTest@77fbd92c]" started-at="2021-08-20T09:29:42 IST" name="burnDown" finished-at="2021-08-20T09:29:42 IST" duration-ms="443" status="PASS">
          <reporter-output>
          </reporter-output>
        </test-method> <!-- burnDown -->
        <test-method is-config="true" signature="setUp()[pri:0, instance:com.lennox.tests.SearchProductTest@77fbd92c]" started-at="2021-08-20T09:29:42 IST" name="setUp" finished-at="2021-08-20T09:29:45 IST" duration-ms="2607" status="PASS">
          <reporter-output>
          </reporter-output>
        </test-method> <!-- setUp -->
        <test-method signature="searchProduct(java.lang.String,java.lang.String,java.lang.String,java.lang.String,java.lang.String,java.lang.String,java.lang.String,java.lang.String,java.lang.String,java.lang.String,java.lang.String,java.lang.String)[pri:0, instance:com.lennox.tests.SearchProductTest@77fbd92c]" started-at="2021-08-20T09:29:45 IST" name="searchProduct" data-provider="excel-data" finished-at="2021-08-20T09:29:45 IST" duration-ms="3" status="PASS">
          <params>
            <param index="0">
              <value>
                <![CDATA[N]]>
              </value>
            </param>
            <param index="1">
              <value>
                <![CDATA[TC_4]]>
              </value>
            </param>
            <param index="2">
              <value>
                <![CDATA[No Execution ]]>
              </value>
            </param>
            <param index="3">
              <value>
                <![CDATA[Verify no execution is taking place]]>
              </value>
            </param>
            <param index="4">
              <value>
                <![CDATA[lenproautomation8@lenqat.com]]>
              </value>
            </param>
            <param index="5">
              <value>
                <![CDATA[Community17]]>
              </value>
            </param>
            <param index="6">
              <value>
                <![CDATA[Parts and Supplies]]>
              </value>
            </param>
            <param index="7">
              <value>
                <![CDATA[Compressors:::Compressors]]>
              </value>
            </param>
            <param index="8">
              <value>
                <![CDATA[Replace your compressor at LennoxPros.com.]]>
              </value>
            </param>
            <param index="9">
              <value>
                <![CDATA[Invalid]]>
              </value>
            </param>
            <param index="10">
              <value>
                <![CDATA[$1,173.00]]>
              </value>
            </param>
            <param index="11">
              <value>
                <![CDATA[H22J38BABC]]>
              </value>
            </param>
          </params>
          <reporter-output>
          </reporter-output>
        </test-method> <!-- searchProduct -->
        <test-method is-config="true" signature="burnDown()[pri:0, instance:com.lennox.tests.SearchProductTest@77fbd92c]" started-at="2021-08-20T09:29:45 IST" name="burnDown" finished-at="2021-08-20T09:29:45 IST" duration-ms="437" status="PASS">
          <reporter-output>
          </reporter-output>
        </test-method> <!-- burnDown -->
        <test-method is-config="true" signature="tearDown()[pri:0, instance:com.lennox.tests.SearchProductTest@77fbd92c]" started-at="2021-08-20T09:29:45 IST" name="tearDown" finished-at="2021-08-20T09:29:46 IST" duration-ms="501" status="PASS">
          <reporter-output>
          </reporter-output>
        </test-method> <!-- tearDown -->
      </class> <!-- com.lennox.tests.SearchProductTest -->
    </test> <!-- Test -->
  </suite> <!-- Suite -->
</testng-results>
